Determining if the pthread_create exist failed with the following output:
Change Dir: /home/brothercomplex/AndroidStudioProjects/ForegroundService/app/WinAPI/Windows/threads/debug/CMakeFiles/CMakeTmp

Run Build Command:"/usr/bin/make" "cmTC_94067/fast"
make[1]: Entering directory '/home/brothercomplex/AndroidStudioProjects/ForegroundService/app/WinAPI/Windows/threads/debug/CMakeFiles/CMakeTmp'
/usr/bin/make -f CMakeFiles/cmTC_94067.dir/build.make CMakeFiles/cmTC_94067.dir/build
make[2]: Entering directory '/home/brothercomplex/AndroidStudioProjects/ForegroundService/app/WinAPI/Windows/threads/debug/CMakeFiles/CMakeTmp'
Building C object CMakeFiles/cmTC_94067.dir/CheckSymbolExists.c.o
/usr/bin/cc    -o CMakeFiles/cmTC_94067.dir/CheckSymbolExists.c.o   -c /home/brothercomplex/AndroidStudioProjects/ForegroundService/app/WinAPI/Windows/threads/debug/CMakeFiles/CMakeTmp/CheckSymbolExists.c
Linking C executable cmTC_94067
/usr/bin/cmake -E cmake_link_script CMakeFiles/cmTC_94067.dir/link.txt --verbose=1
/usr/bin/cc      -rdynamic CMakeFiles/cmTC_94067.dir/CheckSymbolExists.c.o  -o cmTC_94067 
/usr/bin/ld: CMakeFiles/cmTC_94067.dir/CheckSymbolExists.c.o: in function `main':
CheckSymbolExists.c:(.text+0x1b): undefined reference to `pthread_create'
collect2: error: ld returned 1 exit status
make[2]: *** [CMakeFiles/cmTC_94067.dir/build.make:87: cmTC_94067] Error 1
make[2]: Leaving directory '/home/brothercomplex/AndroidStudioProjects/ForegroundService/app/WinAPI/Windows/threads/debug/CMakeFiles/CMakeTmp'
make[1]: *** [Makefile:121: cmTC_94067/fast] Error 2
make[1]: Leaving directory '/home/brothercomplex/AndroidStudioProjects/ForegroundService/app/WinAPI/Windows/threads/debug/CMakeFiles/CMakeTmp'

File /home/brothercomplex/AndroidStudioProjects/ForegroundService/app/WinAPI/Windows/threads/debug/CMakeFiles/CMakeTmp/CheckSymbolExists.c:
/* */
#include <pthread.h>

int main(int argc, char** argv)
{
  (void)argv;
#ifndef pthread_create
  return ((int*)(&pthread_create))[argc];
#else
  (void)argc;
  return 0;
#endif
}

Determining if the function pthread_create exists in the pthreads failed with the following output:
Change Dir: /home/brothercomplex/AndroidStudioProjects/ForegroundService/app/WinAPI/Windows/threads/debug/CMakeFiles/CMakeTmp

Run Build Command:"/usr/bin/make" "cmTC_b7d15/fast"
make[1]: Entering directory '/home/brothercomplex/AndroidStudioProjects/ForegroundService/app/WinAPI/Windows/threads/debug/CMakeFiles/CMakeTmp'
/usr/bin/make -f CMakeFiles/cmTC_b7d15.dir/build.make CMakeFiles/cmTC_b7d15.dir/build
make[2]: Entering directory '/home/brothercomplex/AndroidStudioProjects/ForegroundService/app/WinAPI/Windows/threads/debug/CMakeFiles/CMakeTmp'
Building C object CMakeFiles/cmTC_b7d15.dir/CheckFunctionExists.c.o
/usr/bin/cc   -DCHECK_FUNCTION_EXISTS=pthread_create   -o CMakeFiles/cmTC_b7d15.dir/CheckFunctionExists.c.o   -c /usr/share/cmake-3.13/Modules/CheckFunctionExists.c
Linking C executable cmTC_b7d15
/usr/bin/cmake -E cmake_link_script CMakeFiles/cmTC_b7d15.dir/link.txt --verbose=1
/usr/bin/cc  -DCHECK_FUNCTION_EXISTS=pthread_create    -rdynamic CMakeFiles/cmTC_b7d15.dir/CheckFunctionExists.c.o  -o cmTC_b7d15 -lpthreads 
/usr/bin/ld: cannot find -lpthreads
collect2: error: ld returned 1 exit status
make[2]: *** [CMakeFiles/cmTC_b7d15.dir/build.make:87: cmTC_b7d15] Error 1
make[2]: Leaving directory '/home/brothercomplex/AndroidStudioProjects/ForegroundService/app/WinAPI/Windows/threads/debug/CMakeFiles/CMakeTmp'
make[1]: *** [Makefile:121: cmTC_b7d15/fast] Error 2
make[1]: Leaving directory '/home/brothercomplex/AndroidStudioProjects/ForegroundService/app/WinAPI/Windows/threads/debug/CMakeFiles/CMakeTmp'


